2026-04-24 20:54:00 [INFO] Extracting compressed files in: /tmp/tmprqy_dj5f/repo
2026-04-24 20:54:01 [INFO] Project type: digital
2026-04-24 20:54:01 [INFO] GDS hash (user_project_wrapper): 7dedb0577fede3bf2014261de4d5e78fb372daa1
2026-04-24 20:54:01 [INFO] Tools: KLayout v0.29.2 | Magic v8.3.471
2026-04-24 20:54:01 [INFO] PDK: SKY130A unknown
2026-04-24 20:54:01 [INFO] Running 13 checks: [topcell_check, gpio_defines, xor, klayout_feol, klayout_beol, klayout_offgrid, klayout_met_min_ca_density, klayout_pin_label_purposes_overlapping_drawing, klayout_zeroarea, spike_check, illegal_cellname_check, lvs, oeb]
2026-04-24 20:54:03 [INFO] Single top cell 'user_project_wrapper' found
2026-04-24 20:54:03 [INFO] GPIO defines: parsing verilog/rtl/user_defines.v
2026-04-24 20:54:04 [INFO] GPIO defines report: /tmp/tmprqy_dj5f/repo/precheck_results/24_APR_2026___20_54_00/outputs/reports/gpio_defines.report
2026-04-24 20:54:23 [INFO] Total XOR differences: 0
2026-04-24 20:54:23 [INFO] Running: klayout -b -r /usr/local/lib/python3.9/site-packages/cf_precheck/drc_scripts/sky130A_mr.drc -rd input=/tmp/tmprqy_dj5f/repo/gds/user_project_wrapper.gds -rd topcell=user_project_wrapper -rd report=/tmp/tmprqy_dj5f/repo/precheck_results/24_APR_2026___20_54_00/outputs/reports/klayout_feol_check.xml -rd thr=2 -rd feol=true
2026-04-24 20:59:23 [INFO] No DRC violations found
2026-04-24 20:59:23 [INFO] Running: klayout -b -r /usr/local/lib/python3.9/site-packages/cf_precheck/drc_scripts/sky130A_mr.drc -rd input=/tmp/tmprqy_dj5f/repo/gds/user_project_wrapper.gds -rd topcell=user_project_wrapper -rd report=/tmp/tmprqy_dj5f/repo/precheck_results/24_APR_2026___20_54_00/outputs/reports/klayout_beol_check.xml -rd thr=2 -rd beol=true
2026-04-24 21:12:18 [INFO] No DRC violations found
2026-04-24 21:12:18 [INFO] Running: klayout -b -r /usr/local/lib/python3.9/site-packages/cf_precheck/drc_scripts/sky130A_mr.drc -rd input=/tmp/tmprqy_dj5f/repo/gds/user_project_wrapper.gds -rd topcell=user_project_wrapper -rd report=/tmp/tmprqy_dj5f/repo/precheck_results/24_APR_2026___20_54_00/outputs/reports/klayout_offgrid_check.xml -rd thr=2 -rd offgrid=true
2026-04-24 21:15:25 [INFO] No DRC violations found
2026-04-24 21:15:25 [INFO] Running: klayout -b -r /usr/local/lib/python3.9/site-packages/cf_precheck/drc_scripts/met_min_ca_density.lydrc -rd input=/tmp/tmprqy_dj5f/repo/gds/user_project_wrapper.gds -rd topcell=user_project_wrapper -rd report=/tmp/tmprqy_dj5f/repo/precheck_results/24_APR_2026___20_54_00/outputs/reports/klayout_met_min_ca_density_check.xml -rd thr=2
2026-04-24 21:16:20 [INFO] No DRC violations found
2026-04-24 21:16:20 [INFO] Running: klayout -b -r /usr/local/lib/python3.9/site-packages/cf_precheck/drc_scripts/pin_label_purposes_overlapping_drawing.rb.drc -rd input=/tmp/tmprqy_dj5f/repo/gds/user_project_wrapper.gds -rd topcell=user_project_wrapper -rd report=/tmp/tmprqy_dj5f/repo/precheck_results/24_APR_2026___20_54_00/outputs/reports/klayout_pin_label_purposes_overlapping_drawing_check.xml -rd thr=2 -rd top_cell_name=user_project_wrapper
2026-04-24 21:16:54 [INFO] No DRC violations found
2026-04-24 21:16:54 [INFO] Running: klayout -b -r /usr/local/lib/python3.9/site-packages/cf_precheck/drc_scripts/zeroarea.rb.drc -rd input=/tmp/tmprqy_dj5f/repo/gds/user_project_wrapper.gds -rd topcell=user_project_wrapper -rd report=/tmp/tmprqy_dj5f/repo/precheck_results/24_APR_2026___20_54_00/outputs/reports/klayout_zeroarea_check.xml -rd thr=2 -rd cleaned_output=/tmp/tmprqy_dj5f/repo/precheck_results/24_APR_2026___20_54_00/outputs/user_project_wrapper_no_zero_areas.gds
2026-04-24 21:17:03 [INFO] No DRC violations found
2026-04-24 21:17:03 [INFO] Running: bash /usr/local/lib/python3.9/site-packages/cf_precheck/drc_scripts/gdsArea0 -V -m /tmp/tmprqy_dj5f/repo/precheck_results/24_APR_2026___20_54_00/outputs/reports/spike_check.xml /tmp/tmprqy_dj5f/repo/gds/user_project_wrapper.gds
2026-04-24 21:17:10 [INFO] No spikes found
2026-04-24 21:17:12 [INFO] Loading LVS environment from /tmp/tmprqy_dj5f/repo/lvs/user_project_wrapper/lvs_config.json
2026-04-24 21:17:12 [INFO] EXTRACT_FLATGLOB: 
2026-04-24 21:17:12 [INFO] EXTRACT_ABSTRACT: *__fill_* *__fakediode_* *__tapvpwrvgnd_*
2026-04-24 21:17:12 [WARNING] Missing LVS configuration variable EXTRACT_CREATE_SUBCUT
2026-04-24 21:17:12 [INFO] LVS_FLATTEN: 
2026-04-24 21:17:12 [INFO] LVS_NOFLATTEN: 
2026-04-24 21:17:12 [INFO] LVS_IGNORE: 
2026-04-24 21:17:12 [INFO] LVS_SPICE_FILES: /opt/pdks/sky130A/libs.ref/sky130_fd_sc_hd/spice/sky130_ef_sc_hd__decap*.spice /opt/pdks/sky130A/libs.ref/sky130_fd_sc_hd/spice/sky130_fd_sc_hd.spice
2026-04-24 21:17:12 [INFO] LVS_VERILOG_FILES: /tmp/tmprqy_dj5f/repo/verilog/gl/user_proj_example.v /tmp/tmprqy_dj5f/repo/verilog/gl/user_project_wrapper.v
2026-04-24 21:17:12 [INFO] LAYOUT_FILE: /tmp/tmprqy_dj5f/repo/gds/user_project_wrapper.gds
2026-04-24 21:17:12 [INFO] Running: run_be_checks --nooeb
2026-04-24 21:17:12 [INFO] LVS output directory: /tmp/tmprqy_dj5f/repo/precheck_results/24_APR_2026___20_54_00
2026-04-24 21:29:23 [INFO] Loading LVS environment from /tmp/tmprqy_dj5f/repo/lvs/user_project_wrapper/lvs_config.json
2026-04-24 21:29:23 [INFO] EXTRACT_FLATGLOB: 
2026-04-24 21:29:23 [INFO] EXTRACT_ABSTRACT: *__fill_* *__fakediode_* *__tapvpwrvgnd_*
2026-04-24 21:29:23 [WARNING] Missing LVS configuration variable EXTRACT_CREATE_SUBCUT
2026-04-24 21:29:23 [INFO] LVS_FLATTEN: 
2026-04-24 21:29:23 [INFO] LVS_NOFLATTEN: 
2026-04-24 21:29:23 [INFO] LVS_IGNORE: 
2026-04-24 21:29:23 [INFO] LVS_SPICE_FILES: /opt/pdks/sky130A/libs.ref/sky130_fd_sc_hd/spice/sky130_ef_sc_hd__decap*.spice /opt/pdks/sky130A/libs.ref/sky130_fd_sc_hd/spice/sky130_fd_sc_hd.spice
2026-04-24 21:29:23 [INFO] LVS_VERILOG_FILES: /tmp/tmprqy_dj5f/repo/verilog/gl/user_proj_example.v /tmp/tmprqy_dj5f/repo/verilog/gl/user_project_wrapper.v
2026-04-24 21:29:23 [INFO] LAYOUT_FILE: /tmp/tmprqy_dj5f/repo/gds/user_project_wrapper.gds
2026-04-24 21:29:23 [INFO] Running: run_oeb_check --noextract
2026-04-24 21:29:23 [INFO] OEB output directory: /tmp/tmprqy_dj5f/repo/precheck_results/24_APR_2026___20_54_00
2026-04-24 21:29:31 [ERROR] OEB FAILED (stat=6), see /tmp/tmprqy_dj5f/repo/precheck_results/24_APR_2026___20_54_00/logs/OEB_check.log
